[2025-06-03 18:07:26] Signal 17 (Child exited)
[2025-06-03 18:16:42] Signal 12 (User defined signal 2)
[2025-06-03 18:17:39] Signal 12 (User defined signal 2)
[2025-06-03 18:18:19] Signal 18 (Continued)
[2025-06-03 19:23:10] Signal 18 (Continued)
[2025-06-03 19:23:10] Signal 15 (Terminated)
[2025-06-04 05:33:10] Signal 15 (Terminated)
[2025-06-04 05:33:28] Signal 2 (Interrupt)
[2025-06-04 05:33:31] Signal 2 (Interrupt)
[2025-06-04 05:33:37] Signal 2 (Interrupt)
[2025-06-13 06:26:59] Signal 20 (Stopped)
[2025-06-13 06:28:37] Signal 2 (Interrupt)
[2025-06-13 06:28:42] Signal 2 (Interrupt)
[2025-06-13 06:28:44] Signal 2 (Interrupt)
[2025-06-13 06:28:46] Signal 2 (Interrupt)
[2025-06-13 06:28:46] Signal 2 (Interrupt)
[2025-06-13 06:28:46] Signal 2 (Interrupt)
[2025-06-13 06:28:46] Signal 2 (Interrupt)
[2025-06-13 06:28:47] Signal 2 (Interrupt)
[2025-06-13 06:28:56] Signal 2 (Interrupt)
[2025-06-13 06:28:57] Signal 2 (Interrupt)
[2025-06-13 06:28:57] Signal 2 (Interrupt)
[2025-06-13 06:28:57] Signal 2 (Interrupt)
[2025-06-13 06:28:57] Signal 2 (Interrupt)
[2025-06-13 06:28:58] Signal 2 (Interrupt)
[2025-06-13 06:28:58] Signal 2 (Interrupt)
[2025-06-13 06:28:58] Signal 2 (Interrupt)
[2025-06-13 06:28:58] Signal 2 (Interrupt)
[2025-06-13 06:29:10] Signal 1 (Hangup)
[2025-06-13 06:29:10] Signal 18 (Continued)
[2025-06-13 06:29:10] Signal 1 (Hangup)
[2025-06-13 06:30:42] Signal 20 (Stopped)
[2025-06-13 08:22:39] Signal 17 (Child exited)
[2025-06-13 08:24:33] Signal 17 (Child exited)
[2025-06-13 08:25:26] Signal 2 (Interrupt)
